2022-01-08 14:03:24,694 INFO    MainThread:14172 [internal.py:wandb_internal():87] W&B internal server running at pid: 14172, started at: 2022-01-08 14:03:24.694195
2022-01-08 14:03:24,694 DEBUG   HandlerThread:14172 [handler.py:handle_request():130] handle_request: check_version
2022-01-08 14:03:24,694 INFO    WriterThread:14172 [datastore.py:open_for_write():77] open: /Users/fevenz/Sriram/Projects/chess-scanner/wandb/run-20220108_140324-3uui4e1h/run-3uui4e1h.wandb
2022-01-08 14:03:24,695 DEBUG   SenderThread:14172 [sender.py:send():234] send: header
2022-01-08 14:03:24,695 DEBUG   SenderThread:14172 [sender.py:send_request():248] send_request: check_version
2022-01-08 14:03:24,808 DEBUG   SenderThread:14172 [sender.py:send():234] send: run
2022-01-08 14:03:25,580 INFO    SenderThread:14172 [dir_watcher.py:__init__():169] watching files in: /Users/fevenz/Sriram/Projects/chess-scanner/wandb/run-20220108_140324-3uui4e1h/files
2022-01-08 14:03:25,580 INFO    SenderThread:14172 [sender.py:_start_run_threads():804] run started: 3uui4e1h with start time 1641630804
2022-01-08 14:03:25,580 DEBUG   SenderThread:14172 [sender.py:send():234] send: summary
2022-01-08 14:03:25,581 INFO    SenderThread:14172 [sender.py:_save_file():939] saving file wandb-summary.json with policy end
2022-01-08 14:03:25,582 DEBUG   HandlerThread:14172 [handler.py:handle_request():130] handle_request: run_start
2022-01-08 14:03:25,582 DEBUG   HandlerThread:14172 [meta.py:__init__():40] meta init
2022-01-08 14:03:25,584 DEBUG   HandlerThread:14172 [meta.py:__init__():54] meta init done
2022-01-08 14:03:25,584 DEBUG   HandlerThread:14172 [meta.py:probe():214] probe
2022-01-08 14:03:25,588 DEBUG   HandlerThread:14172 [meta.py:_setup_git():204] setup git
2022-01-08 14:03:25,613 DEBUG   HandlerThread:14172 [meta.py:_setup_git():211] setup git done
2022-01-08 14:03:25,613 DEBUG   HandlerThread:14172 [meta.py:_save_pip():58] save pip
2022-01-08 14:03:25,614 DEBUG   HandlerThread:14172 [meta.py:_save_pip():72] save pip done
2022-01-08 14:03:25,614 DEBUG   HandlerThread:14172 [meta.py:_save_conda():79] save conda
2022-01-08 14:03:26,534 DEBUG   HandlerThread:14172 [meta.py:_save_conda():89] save conda done
2022-01-08 14:03:26,535 DEBUG   HandlerThread:14172 [meta.py:probe():252] probe done
2022-01-08 14:03:26,561 DEBUG   SenderThread:14172 [sender.py:send():234] send: telemetry
2022-01-08 14:03:26,561 DEBUG   SenderThread:14172 [sender.py:send():234] send: files
2022-01-08 14:03:26,561 INFO    SenderThread:14172 [sender.py:_save_file():939] saving file wandb-metadata.json with policy now
2022-01-08 14:03:26,563 DEBUG   HandlerThread:14172 [handler.py:handle_request():130] handle_request: stop_status
2022-01-08 14:03:26,563 DEBUG   SenderThread:14172 [sender.py:send_request():248] send_request: stop_status
2022-01-08 14:03:26,582 INFO    Thread-8  :14172 [dir_watcher.py:_on_file_created():217] file/dir created: /Users/fevenz/Sriram/Projects/chess-scanner/wandb/run-20220108_140324-3uui4e1h/files/requirements.txt
2022-01-08 14:03:26,582 INFO    Thread-8  :14172 [dir_watcher.py:_on_file_created():217] file/dir created: /Users/fevenz/Sriram/Projects/chess-scanner/wandb/run-20220108_140324-3uui4e1h/files/conda-environment.yaml
2022-01-08 14:03:26,582 INFO    Thread-8  :14172 [dir_watcher.py:_on_file_created():217] file/dir created: /Users/fevenz/Sriram/Projects/chess-scanner/wandb/run-20220108_140324-3uui4e1h/files/wandb-metadata.json
2022-01-08 14:03:26,582 INFO    Thread-8  :14172 [dir_watcher.py:_on_file_created():217] file/dir created: /Users/fevenz/Sriram/Projects/chess-scanner/wandb/run-20220108_140324-3uui4e1h/files/wandb-summary.json
2022-01-08 14:03:26,582 INFO    Thread-8  :14172 [dir_watcher.py:_on_file_created():217] file/dir created: /Users/fevenz/Sriram/Projects/chess-scanner/wandb/run-20220108_140324-3uui4e1h/files/output.log
2022-01-08 14:03:27,201 DEBUG   SenderThread:14172 [sender.py:send():234] send: metric
2022-01-08 14:03:27,201 DEBUG   SenderThread:14172 [sender.py:send():234] send: metric
2022-01-08 14:03:27,201 WARNING SenderThread:14172 [sender.py:send_metric():897] Seen metric with glob (shouldnt happen)
2022-01-08 14:03:27,201 DEBUG   SenderThread:14172 [sender.py:send():234] send: config
2022-01-08 14:03:27,508 INFO    Thread-11 :14172 [upload_job.py:push():137] Uploaded file /var/folders/8k/4_39lrm95b308hwzx0sn40wr0000gn/T/tmpu422h_mgwandb/2vxgwawx-wandb-metadata.json
2022-01-08 14:03:28,591 INFO    Thread-8  :14172 [dir_watcher.py:_on_file_modified():230] file/dir modified: /Users/fevenz/Sriram/Projects/chess-scanner/wandb/run-20220108_140324-3uui4e1h/files/output.log
2022-01-08 14:03:30,599 INFO    Thread-8  :14172 [dir_watcher.py:_on_file_modified():230] file/dir modified: /Users/fevenz/Sriram/Projects/chess-scanner/wandb/run-20220108_140324-3uui4e1h/files/output.log
2022-01-08 14:03:36,498 DEBUG   SenderThread:14172 [sender.py:send():234] send: metric
2022-01-08 14:03:36,498 DEBUG   SenderThread:14172 [sender.py:send():234] send: metric
2022-01-08 14:03:36,498 WARNING SenderThread:14172 [sender.py:send_metric():897] Seen metric with glob (shouldnt happen)
2022-01-08 14:03:36,498 DEBUG   SenderThread:14172 [sender.py:send():234] send: metric
2022-01-08 14:03:36,498 DEBUG   SenderThread:14172 [sender.py:send():234] send: metric
2022-01-08 14:03:36,498 DEBUG   SenderThread:14172 [sender.py:send():234] send: history
2022-01-08 14:03:36,498 DEBUG   SenderThread:14172 [sender.py:send():234] send: summary
2022-01-08 14:03:36,499 INFO    SenderThread:14172 [sender.py:_save_file():939] saving file wandb-summary.json with policy end
2022-01-08 14:03:36,631 INFO    Thread-8  :14172 [dir_watcher.py:_on_file_modified():230] file/dir modified: /Users/fevenz/Sriram/Projects/chess-scanner/wandb/run-20220108_140324-3uui4e1h/files/wandb-summary.json
2022-01-08 14:03:36,631 INFO    Thread-8  :14172 [dir_watcher.py:_on_file_modified():230] file/dir modified: /Users/fevenz/Sriram/Projects/chess-scanner/wandb/run-20220108_140324-3uui4e1h/files/output.log
2022-01-08 14:03:38,295 DEBUG   SenderThread:14172 [sender.py:send():234] send: metric
2022-01-08 14:03:38,295 DEBUG   SenderThread:14172 [sender.py:send():234] send: metric
2022-01-08 14:03:38,296 WARNING SenderThread:14172 [sender.py:send_metric():897] Seen metric with glob (shouldnt happen)
2022-01-08 14:03:38,296 DEBUG   SenderThread:14172 [sender.py:send():234] send: history
2022-01-08 14:03:38,296 DEBUG   SenderThread:14172 [sender.py:send():234] send: summary
2022-01-08 14:03:38,296 INFO    SenderThread:14172 [sender.py:_save_file():939] saving file wandb-summary.json with policy end
2022-01-08 14:03:38,640 INFO    Thread-8  :14172 [dir_watcher.py:_on_file_modified():230] file/dir modified: /Users/fevenz/Sriram/Projects/chess-scanner/wandb/run-20220108_140324-3uui4e1h/files/wandb-summary.json
2022-01-08 14:03:38,641 INFO    Thread-8  :14172 [dir_watcher.py:_on_file_modified():230] file/dir modified: /Users/fevenz/Sriram/Projects/chess-scanner/wandb/run-20220108_140324-3uui4e1h/files/output.log
2022-01-08 14:03:40,647 INFO    Thread-8  :14172 [dir_watcher.py:_on_file_modified():230] file/dir modified: /Users/fevenz/Sriram/Projects/chess-scanner/wandb/run-20220108_140324-3uui4e1h/files/output.log
2022-01-08 14:03:41,107 DEBUG   SenderThread:14172 [sender.py:send():234] send: metric
2022-01-08 14:03:41,107 DEBUG   SenderThread:14172 [sender.py:send():234] send: metric
2022-01-08 14:03:41,107 WARNING SenderThread:14172 [sender.py:send_metric():897] Seen metric with glob (shouldnt happen)
2022-01-08 14:03:41,107 DEBUG   SenderThread:14172 [sender.py:send():234] send: history
2022-01-08 14:03:41,107 DEBUG   SenderThread:14172 [sender.py:send():234] send: summary
2022-01-08 14:03:41,107 INFO    SenderThread:14172 [sender.py:_save_file():939] saving file wandb-summary.json with policy end
2022-01-08 14:03:41,649 INFO    Thread-8  :14172 [dir_watcher.py:_on_file_modified():230] file/dir modified: /Users/fevenz/Sriram/Projects/chess-scanner/wandb/run-20220108_140324-3uui4e1h/files/wandb-summary.json
2022-01-08 14:03:42,205 DEBUG   HandlerThread:14172 [handler.py:handle_request():130] handle_request: stop_status
2022-01-08 14:03:42,205 DEBUG   SenderThread:14172 [sender.py:send_request():248] send_request: stop_status
2022-01-08 14:03:42,654 INFO    Thread-8  :14172 [dir_watcher.py:_on_file_modified():230] file/dir modified: /Users/fevenz/Sriram/Projects/chess-scanner/wandb/run-20220108_140324-3uui4e1h/files/output.log
2022-01-08 14:03:43,925 DEBUG   SenderThread:14172 [sender.py:send():234] send: metric
2022-01-08 14:03:43,926 DEBUG   SenderThread:14172 [sender.py:send():234] send: metric
2022-01-08 14:03:43,926 WARNING SenderThread:14172 [sender.py:send_metric():897] Seen metric with glob (shouldnt happen)
2022-01-08 14:03:43,926 DEBUG   SenderThread:14172 [sender.py:send():234] send: history
2022-01-08 14:03:43,926 DEBUG   SenderThread:14172 [sender.py:send():234] send: summary
2022-01-08 14:03:43,926 INFO    SenderThread:14172 [sender.py:_save_file():939] saving file wandb-summary.json with policy end
2022-01-08 14:03:44,665 INFO    Thread-8  :14172 [dir_watcher.py:_on_file_modified():230] file/dir modified: /Users/fevenz/Sriram/Projects/chess-scanner/wandb/run-20220108_140324-3uui4e1h/files/wandb-summary.json
2022-01-08 14:03:44,666 INFO    Thread-8  :14172 [dir_watcher.py:_on_file_modified():230] file/dir modified: /Users/fevenz/Sriram/Projects/chess-scanner/wandb/run-20220108_140324-3uui4e1h/files/output.log
2022-01-08 14:03:46,510 DEBUG   SenderThread:14172 [sender.py:send():234] send: metric
2022-01-08 14:03:46,511 DEBUG   SenderThread:14172 [sender.py:send():234] send: metric
2022-01-08 14:03:46,511 WARNING SenderThread:14172 [sender.py:send_metric():897] Seen metric with glob (shouldnt happen)
2022-01-08 14:03:46,511 DEBUG   SenderThread:14172 [sender.py:send():234] send: history
2022-01-08 14:03:46,511 DEBUG   SenderThread:14172 [sender.py:send():234] send: summary
2022-01-08 14:03:46,512 INFO    SenderThread:14172 [sender.py:_save_file():939] saving file wandb-summary.json with policy end
2022-01-08 14:03:46,677 INFO    Thread-8  :14172 [dir_watcher.py:_on_file_modified():230] file/dir modified: /Users/fevenz/Sriram/Projects/chess-scanner/wandb/run-20220108_140324-3uui4e1h/files/wandb-summary.json
2022-01-08 14:03:46,677 INFO    Thread-8  :14172 [dir_watcher.py:_on_file_modified():230] file/dir modified: /Users/fevenz/Sriram/Projects/chess-scanner/wandb/run-20220108_140324-3uui4e1h/files/output.log
2022-01-08 14:03:48,116 DEBUG   SenderThread:14172 [sender.py:send():234] send: metric
2022-01-08 14:03:48,116 DEBUG   SenderThread:14172 [sender.py:send():234] send: metric
2022-01-08 14:03:48,117 WARNING SenderThread:14172 [sender.py:send_metric():897] Seen metric with glob (shouldnt happen)
2022-01-08 14:03:48,117 DEBUG   SenderThread:14172 [sender.py:send():234] send: history
2022-01-08 14:03:48,117 DEBUG   SenderThread:14172 [sender.py:send():234] send: summary
2022-01-08 14:03:48,117 INFO    SenderThread:14172 [sender.py:_save_file():939] saving file wandb-summary.json with policy end
2022-01-08 14:03:48,686 INFO    Thread-8  :14172 [dir_watcher.py:_on_file_modified():230] file/dir modified: /Users/fevenz/Sriram/Projects/chess-scanner/wandb/run-20220108_140324-3uui4e1h/files/wandb-summary.json
2022-01-08 14:03:48,686 INFO    Thread-8  :14172 [dir_watcher.py:_on_file_modified():230] file/dir modified: /Users/fevenz/Sriram/Projects/chess-scanner/wandb/run-20220108_140324-3uui4e1h/files/output.log
2022-01-08 14:03:49,551 DEBUG   SenderThread:14172 [sender.py:send():234] send: metric
2022-01-08 14:03:49,551 DEBUG   SenderThread:14172 [sender.py:send():234] send: metric
2022-01-08 14:03:49,551 WARNING SenderThread:14172 [sender.py:send_metric():897] Seen metric with glob (shouldnt happen)
2022-01-08 14:03:49,551 DEBUG   SenderThread:14172 [sender.py:send():234] send: history
2022-01-08 14:03:49,551 DEBUG   SenderThread:14172 [sender.py:send():234] send: summary
2022-01-08 14:03:49,552 INFO    SenderThread:14172 [sender.py:_save_file():939] saving file wandb-summary.json with policy end
2022-01-08 14:03:49,689 INFO    Thread-8  :14172 [dir_watcher.py:_on_file_modified():230] file/dir modified: /Users/fevenz/Sriram/Projects/chess-scanner/wandb/run-20220108_140324-3uui4e1h/files/wandb-summary.json
2022-01-08 14:03:50,692 INFO    Thread-8  :14172 [dir_watcher.py:_on_file_modified():230] file/dir modified: /Users/fevenz/Sriram/Projects/chess-scanner/wandb/run-20220108_140324-3uui4e1h/files/output.log
2022-01-08 14:03:51,440 DEBUG   SenderThread:14172 [sender.py:send():234] send: metric
2022-01-08 14:03:51,441 DEBUG   SenderThread:14172 [sender.py:send():234] send: metric
2022-01-08 14:03:51,441 WARNING SenderThread:14172 [sender.py:send_metric():897] Seen metric with glob (shouldnt happen)
2022-01-08 14:03:51,441 DEBUG   SenderThread:14172 [sender.py:send():234] send: history
2022-01-08 14:03:51,441 DEBUG   SenderThread:14172 [sender.py:send():234] send: summary
2022-01-08 14:03:51,441 INFO    SenderThread:14172 [sender.py:_save_file():939] saving file wandb-summary.json with policy end
2022-01-08 14:03:51,697 INFO    Thread-8  :14172 [dir_watcher.py:_on_file_modified():230] file/dir modified: /Users/fevenz/Sriram/Projects/chess-scanner/wandb/run-20220108_140324-3uui4e1h/files/wandb-summary.json
2022-01-08 14:03:52,702 INFO    Thread-8  :14172 [dir_watcher.py:_on_file_modified():230] file/dir modified: /Users/fevenz/Sriram/Projects/chess-scanner/wandb/run-20220108_140324-3uui4e1h/files/output.log
2022-01-08 14:03:53,546 DEBUG   SenderThread:14172 [sender.py:send():234] send: metric
2022-01-08 14:03:53,547 DEBUG   SenderThread:14172 [sender.py:send():234] send: metric
2022-01-08 14:03:53,547 WARNING SenderThread:14172 [sender.py:send_metric():897] Seen metric with glob (shouldnt happen)
2022-01-08 14:03:53,547 DEBUG   SenderThread:14172 [sender.py:send():234] send: metric
2022-01-08 14:03:53,547 DEBUG   SenderThread:14172 [sender.py:send():234] send: history
2022-01-08 14:03:53,547 DEBUG   SenderThread:14172 [sender.py:send():234] send: summary
2022-01-08 14:03:53,548 INFO    SenderThread:14172 [sender.py:_save_file():939] saving file wandb-summary.json with policy end
2022-01-08 14:03:53,549 DEBUG   SenderThread:14172 [sender.py:send():234] send: metric
2022-01-08 14:03:53,549 DEBUG   SenderThread:14172 [sender.py:send():234] send: metric
2022-01-08 14:03:53,549 WARNING SenderThread:14172 [sender.py:send_metric():897] Seen metric with glob (shouldnt happen)
2022-01-08 14:03:53,549 DEBUG   SenderThread:14172 [sender.py:send():234] send: metric
2022-01-08 14:03:53,550 DEBUG   SenderThread:14172 [sender.py:send():234] send: history
2022-01-08 14:03:53,550 DEBUG   SenderThread:14172 [sender.py:send():234] send: summary
2022-01-08 14:03:53,550 INFO    SenderThread:14172 [sender.py:_save_file():939] saving file wandb-summary.json with policy end
2022-01-08 14:03:53,703 INFO    Thread-8  :14172 [dir_watcher.py:_on_file_modified():230] file/dir modified: /Users/fevenz/Sriram/Projects/chess-scanner/wandb/run-20220108_140324-3uui4e1h/files/wandb-summary.json
2022-01-08 14:03:54,442 DEBUG   SenderThread:14172 [sender.py:send():234] send: metric
2022-01-08 14:03:54,442 DEBUG   SenderThread:14172 [sender.py:send():234] send: metric
2022-01-08 14:03:54,442 WARNING SenderThread:14172 [sender.py:send_metric():897] Seen metric with glob (shouldnt happen)
2022-01-08 14:03:54,442 DEBUG   SenderThread:14172 [sender.py:send():234] send: history
2022-01-08 14:03:54,442 DEBUG   SenderThread:14172 [sender.py:send():234] send: summary
2022-01-08 14:03:54,442 INFO    SenderThread:14172 [sender.py:_save_file():939] saving file wandb-summary.json with policy end
2022-01-08 14:03:54,703 INFO    Thread-8  :14172 [dir_watcher.py:_on_file_modified():230] file/dir modified: /Users/fevenz/Sriram/Projects/chess-scanner/wandb/run-20220108_140324-3uui4e1h/files/wandb-summary.json
2022-01-08 14:03:54,703 INFO    Thread-8  :14172 [dir_watcher.py:_on_file_modified():230] file/dir modified: /Users/fevenz/Sriram/Projects/chess-scanner/wandb/run-20220108_140324-3uui4e1h/files/output.log
2022-01-08 14:03:56,713 INFO    Thread-8  :14172 [dir_watcher.py:_on_file_modified():230] file/dir modified: /Users/fevenz/Sriram/Projects/chess-scanner/wandb/run-20220108_140324-3uui4e1h/files/output.log
2022-01-08 14:03:58,576 DEBUG   HandlerThread:14172 [handler.py:handle_request():130] handle_request: stop_status
2022-01-08 14:03:58,723 INFO    Thread-8  :14172 [dir_watcher.py:_on_file_modified():230] file/dir modified: /Users/fevenz/Sriram/Projects/chess-scanner/wandb/run-20220108_140324-3uui4e1h/files/output.log
2022-01-08 14:04:00,732 INFO    Thread-8  :14172 [dir_watcher.py:_on_file_modified():230] file/dir modified: /Users/fevenz/Sriram/Projects/chess-scanner/wandb/run-20220108_140324-3uui4e1h/files/output.log
2022-01-08 14:04:02,743 INFO    Thread-8  :14172 [dir_watcher.py:_on_file_modified():230] file/dir modified: /Users/fevenz/Sriram/Projects/chess-scanner/wandb/run-20220108_140324-3uui4e1h/files/output.log
2022-01-08 14:04:04,750 INFO    Thread-8  :14172 [dir_watcher.py:_on_file_modified():230] file/dir modified: /Users/fevenz/Sriram/Projects/chess-scanner/wandb/run-20220108_140324-3uui4e1h/files/output.log
2022-01-08 14:04:06,761 INFO    Thread-8  :14172 [dir_watcher.py:_on_file_modified():230] file/dir modified: /Users/fevenz/Sriram/Projects/chess-scanner/wandb/run-20220108_140324-3uui4e1h/files/output.log
2022-01-08 14:04:08,771 INFO    Thread-8  :14172 [dir_watcher.py:_on_file_modified():230] file/dir modified: /Users/fevenz/Sriram/Projects/chess-scanner/wandb/run-20220108_140324-3uui4e1h/files/output.log
2022-01-08 14:04:10,781 INFO    Thread-8  :14172 [dir_watcher.py:_on_file_modified():230] file/dir modified: /Users/fevenz/Sriram/Projects/chess-scanner/wandb/run-20220108_140324-3uui4e1h/files/output.log
2022-01-08 14:04:12,783 INFO    Thread-8  :14172 [dir_watcher.py:_on_file_modified():230] file/dir modified: /Users/fevenz/Sriram/Projects/chess-scanner/wandb/run-20220108_140324-3uui4e1h/files/output.log
2022-01-08 14:04:14,795 INFO    Thread-8  :14172 [dir_watcher.py:_on_file_modified():230] file/dir modified: /Users/fevenz/Sriram/Projects/chess-scanner/wandb/run-20220108_140324-3uui4e1h/files/output.log
2022-01-08 14:04:16,806 INFO    Thread-8  :14172 [dir_watcher.py:_on_file_modified():230] file/dir modified: /Users/fevenz/Sriram/Projects/chess-scanner/wandb/run-20220108_140324-3uui4e1h/files/output.log
2022-01-08 14:04:18,583 DEBUG   HandlerThread:14172 [handler.py:handle_request():130] handle_request: stop_status
2022-01-08 14:04:18,815 INFO    Thread-8  :14172 [dir_watcher.py:_on_file_modified():230] file/dir modified: /Users/fevenz/Sriram/Projects/chess-scanner/wandb/run-20220108_140324-3uui4e1h/files/output.log
2022-01-08 14:04:20,821 INFO    Thread-8  :14172 [dir_watcher.py:_on_file_modified():230] file/dir modified: /Users/fevenz/Sriram/Projects/chess-scanner/wandb/run-20220108_140324-3uui4e1h/files/output.log
2022-01-08 14:04:22,830 INFO    Thread-8  :14172 [dir_watcher.py:_on_file_modified():230] file/dir modified: /Users/fevenz/Sriram/Projects/chess-scanner/wandb/run-20220108_140324-3uui4e1h/files/output.log
2022-01-08 14:04:24,842 INFO    Thread-8  :14172 [dir_watcher.py:_on_file_modified():230] file/dir modified: /Users/fevenz/Sriram/Projects/chess-scanner/wandb/run-20220108_140324-3uui4e1h/files/output.log
2022-01-08 14:04:27,853 INFO    Thread-8  :14172 [dir_watcher.py:_on_file_modified():230] file/dir modified: /Users/fevenz/Sriram/Projects/chess-scanner/wandb/run-20220108_140324-3uui4e1h/files/output.log
2022-01-08 14:04:28,079 DEBUG   HandlerThread:14172 [handler.py:handle_request():130] handle_request: poll_exit
2022-01-08 14:04:28,860 INFO    Thread-8  :14172 [dir_watcher.py:_on_file_modified():230] file/dir modified: /Users/fevenz/Sriram/Projects/chess-scanner/wandb/run-20220108_140324-3uui4e1h/files/output.log
2022-01-08 14:04:33,185 DEBUG   HandlerThread:14172 [handler.py:handle_request():130] handle_request: poll_exit
2022-01-08 14:04:38,296 DEBUG   HandlerThread:14172 [handler.py:handle_request():130] handle_request: poll_exit
2022-01-08 14:04:43,402 DEBUG   HandlerThread:14172 [handler.py:handle_request():130] handle_request: poll_exit
2022-01-08 14:04:48,512 DEBUG   HandlerThread:14172 [handler.py:handle_request():130] handle_request: poll_exit
2022-01-08 14:04:51,965 ERROR   SenderThread:14172 [retry.py:__call__():126] Retry attempt failed:
Traceback (most recent call last):
  File "/Users/fevenz/miniforge3/envs/chess_scanner/lib/python3.8/site-packages/urllib3/connection.py", line 174, in _new_conn
    conn = connection.create_connection(
  File "/Users/fevenz/miniforge3/envs/chess_scanner/lib/python3.8/site-packages/urllib3/util/connection.py", line 96, in create_connection
    raise err
  File "/Users/fevenz/miniforge3/envs/chess_scanner/lib/python3.8/site-packages/urllib3/util/connection.py", line 86, in create_connection
    sock.connect(sa)
socket.timeout: timed out

During handling of the above exception, another exception occurred:

Traceback (most recent call last):
  File "/Users/fevenz/miniforge3/envs/chess_scanner/lib/python3.8/site-packages/urllib3/connectionpool.py", line 699, in urlopen
    httplib_response = self._make_request(
  File "/Users/fevenz/miniforge3/envs/chess_scanner/lib/python3.8/site-packages/urllib3/connectionpool.py", line 382, in _make_request
    self._validate_conn(conn)
  File "/Users/fevenz/miniforge3/envs/chess_scanner/lib/python3.8/site-packages/urllib3/connectionpool.py", line 1010, in _validate_conn
    conn.connect()
  File "/Users/fevenz/miniforge3/envs/chess_scanner/lib/python3.8/site-packages/urllib3/connection.py", line 358, in connect
    conn = self._new_conn()
  File "/Users/fevenz/miniforge3/envs/chess_scanner/lib/python3.8/site-packages/urllib3/connection.py", line 179, in _new_conn
    raise ConnectTimeoutError(
urllib3.exceptions.ConnectTimeoutError: (<urllib3.connection.HTTPSConnection object at 0x11b1d3640>, 'Connection to api.wandb.ai timed out. (connect timeout=10)')

During handling of the above exception, another exception occurred:

Traceback (most recent call last):
  File "/Users/fevenz/miniforge3/envs/chess_scanner/lib/python3.8/site-packages/requests/adapters.py", line 439, in send
    resp = conn.urlopen(
  File "/Users/fevenz/miniforge3/envs/chess_scanner/lib/python3.8/site-packages/urllib3/connectionpool.py", line 755, in urlopen
    retries = retries.increment(
  File "/Users/fevenz/miniforge3/envs/chess_scanner/lib/python3.8/site-packages/urllib3/util/retry.py", line 574, in increment
    raise MaxRetryError(_pool, url, error or ResponseError(cause))
urllib3.exceptions.MaxRetryError: HTTPSConnectionPool(host='api.wandb.ai', port=443): Max retries exceeded with url: /graphql (Caused by ConnectTimeoutError(<urllib3.connection.HTTPSConnection object at 0x11b1d3640>, 'Connection to api.wandb.ai timed out. (connect timeout=10)'))

During handling of the above exception, another exception occurred:

Traceback (most recent call last):
  File "/Users/fevenz/miniforge3/envs/chess_scanner/lib/python3.8/site-packages/wandb/sdk/lib/retry.py", line 102, in __call__
    result = self._call_fn(*args, **kwargs)
  File "/Users/fevenz/miniforge3/envs/chess_scanner/lib/python3.8/site-packages/wandb/sdk/internal/internal_api.py", line 141, in execute
    return self.client.execute(*args, **kwargs)
  File "/Users/fevenz/miniforge3/envs/chess_scanner/lib/python3.8/site-packages/wandb/vendor/gql-0.2.0/gql/client.py", line 52, in execute
    result = self._get_result(document, *args, **kwargs)
  File "/Users/fevenz/miniforge3/envs/chess_scanner/lib/python3.8/site-packages/wandb/vendor/gql-0.2.0/gql/client.py", line 60, in _get_result
    return self.transport.execute(document, *args, **kwargs)
  File "/Users/fevenz/miniforge3/envs/chess_scanner/lib/python3.8/site-packages/wandb/vendor/gql-0.2.0/gql/transport/requests.py", line 38, in execute
    request = requests.post(self.url, **post_args)
  File "/Users/fevenz/miniforge3/envs/chess_scanner/lib/python3.8/site-packages/requests/api.py", line 117, in post
    return request('post', url, data=data, json=json, **kwargs)
  File "/Users/fevenz/miniforge3/envs/chess_scanner/lib/python3.8/site-packages/requests/api.py", line 61, in request
    return session.request(method=method, url=url, **kwargs)
  File "/Users/fevenz/miniforge3/envs/chess_scanner/lib/python3.8/site-packages/requests/sessions.py", line 542, in request
    resp = self.send(prep, **send_kwargs)
  File "/Users/fevenz/miniforge3/envs/chess_scanner/lib/python3.8/site-packages/requests/sessions.py", line 655, in send
    r = adapter.send(request, **kwargs)
  File "/Users/fevenz/miniforge3/envs/chess_scanner/lib/python3.8/site-packages/requests/adapters.py", line 504, in send
    raise ConnectTimeout(e, request=request)
requests.exceptions.ConnectTimeout: HTTPSConnectionPool(host='api.wandb.ai', port=443): Max retries exceeded with url: /graphql (Caused by ConnectTimeoutError(<urllib3.connection.HTTPSConnection object at 0x11b1d3640>, 'Connection to api.wandb.ai timed out. (connect timeout=10)'))
2022-01-08 14:04:53,624 DEBUG   HandlerThread:14172 [handler.py:handle_request():130] handle_request: poll_exit
2022-01-08 14:04:58,734 DEBUG   HandlerThread:14172 [handler.py:handle_request():130] handle_request: poll_exit
2022-01-08 14:05:03,842 DEBUG   HandlerThread:14172 [handler.py:handle_request():130] handle_request: poll_exit
2022-01-08 14:05:08,953 DEBUG   HandlerThread:14172 [handler.py:handle_request():130] handle_request: poll_exit
2022-01-08 14:05:14,062 DEBUG   HandlerThread:14172 [handler.py:handle_request():130] handle_request: poll_exit
2022-01-08 14:05:19,173 DEBUG   HandlerThread:14172 [handler.py:handle_request():130] handle_request: poll_exit
2022-01-08 14:05:24,282 DEBUG   HandlerThread:14172 [handler.py:handle_request():130] handle_request: poll_exit
2022-01-08 14:05:29,390 DEBUG   HandlerThread:14172 [handler.py:handle_request():130] handle_request: poll_exit
2022-01-08 14:05:34,498 DEBUG   HandlerThread:14172 [handler.py:handle_request():130] handle_request: poll_exit
2022-01-08 14:05:39,604 DEBUG   HandlerThread:14172 [handler.py:handle_request():130] handle_request: poll_exit
2022-01-08 14:05:44,710 DEBUG   HandlerThread:14172 [handler.py:handle_request():130] handle_request: poll_exit
2022-01-08 14:05:49,821 DEBUG   HandlerThread:14172 [handler.py:handle_request():130] handle_request: poll_exit
2022-01-08 14:05:54,932 DEBUG   HandlerThread:14172 [handler.py:handle_request():130] handle_request: poll_exit
2022-01-08 14:06:00,040 DEBUG   HandlerThread:14172 [handler.py:handle_request():130] handle_request: poll_exit
2022-01-08 14:06:00,216 DEBUG   SenderThread:14172 [sender.py:send():234] send: metric
2022-01-08 14:06:00,216 DEBUG   SenderThread:14172 [sender.py:send():234] send: metric
2022-01-08 14:06:00,216 WARNING SenderThread:14172 [sender.py:send_metric():897] Seen metric with glob (shouldnt happen)
2022-01-08 14:06:00,216 DEBUG   SenderThread:14172 [sender.py:send():234] send: history
2022-01-08 14:06:00,217 DEBUG   SenderThread:14172 [sender.py:send():234] send: summary
2022-01-08 14:06:00,218 INFO    SenderThread:14172 [sender.py:_save_file():939] saving file wandb-summary.json with policy end
2022-01-08 14:06:00,218 DEBUG   SenderThread:14172 [sender.py:send():234] send: metric
2022-01-08 14:06:00,219 DEBUG   SenderThread:14172 [sender.py:send():234] send: metric
2022-01-08 14:06:00,219 WARNING SenderThread:14172 [sender.py:send_metric():897] Seen metric with glob (shouldnt happen)
2022-01-08 14:06:00,219 DEBUG   SenderThread:14172 [sender.py:send():234] send: history
2022-01-08 14:06:00,219 DEBUG   SenderThread:14172 [sender.py:send():234] send: summary
2022-01-08 14:06:00,220 INFO    SenderThread:14172 [sender.py:_save_file():939] saving file wandb-summary.json with policy end
2022-01-08 14:06:00,220 DEBUG   SenderThread:14172 [sender.py:send_request():248] send_request: stop_status
2022-01-08 14:06:00,335 INFO    Thread-8  :14172 [dir_watcher.py:_on_file_modified():230] file/dir modified: /Users/fevenz/Sriram/Projects/chess-scanner/wandb/run-20220108_140324-3uui4e1h/files/config.yaml
2022-01-08 14:06:00,335 INFO    Thread-8  :14172 [dir_watcher.py:_on_file_modified():230] file/dir modified: /Users/fevenz/Sriram/Projects/chess-scanner/wandb/run-20220108_140324-3uui4e1h/files/wandb-summary.json
2022-01-08 14:06:04,713 DEBUG   SenderThread:14172 [sender.py:send():234] send: metric
2022-01-08 14:06:04,714 DEBUG   SenderThread:14172 [sender.py:send():234] send: metric
2022-01-08 14:06:04,714 WARNING SenderThread:14172 [sender.py:send_metric():897] Seen metric with glob (shouldnt happen)
2022-01-08 14:06:04,714 DEBUG   SenderThread:14172 [sender.py:send():234] send: history
2022-01-08 14:06:04,715 DEBUG   SenderThread:14172 [sender.py:send():234] send: summary
2022-01-08 14:06:04,716 INFO    SenderThread:14172 [sender.py:_save_file():939] saving file wandb-summary.json with policy end
2022-01-08 14:06:04,716 DEBUG   SenderThread:14172 [sender.py:send():234] send: stats
2022-01-08 14:06:04,716 DEBUG   SenderThread:14172 [sender.py:send():234] send: metric
2022-01-08 14:06:04,716 DEBUG   SenderThread:14172 [sender.py:send():234] send: metric
2022-01-08 14:06:04,717 WARNING SenderThread:14172 [sender.py:send_metric():897] Seen metric with glob (shouldnt happen)
2022-01-08 14:06:04,717 DEBUG   SenderThread:14172 [sender.py:send():234] send: history
2022-01-08 14:06:04,717 DEBUG   SenderThread:14172 [sender.py:send():234] send: summary
2022-01-08 14:06:04,717 INFO    SenderThread:14172 [sender.py:_save_file():939] saving file wandb-summary.json with policy end
2022-01-08 14:06:04,717 DEBUG   SenderThread:14172 [sender.py:send():234] send: metric
2022-01-08 14:06:04,718 DEBUG   SenderThread:14172 [sender.py:send():234] send: metric
2022-01-08 14:06:04,718 WARNING SenderThread:14172 [sender.py:send_metric():897] Seen metric with glob (shouldnt happen)
2022-01-08 14:06:04,718 DEBUG   SenderThread:14172 [sender.py:send():234] send: history
2022-01-08 14:06:04,718 DEBUG   SenderThread:14172 [sender.py:send():234] send: summary
2022-01-08 14:06:04,718 INFO    SenderThread:14172 [sender.py:_save_file():939] saving file wandb-summary.json with policy end
2022-01-08 14:06:04,718 DEBUG   SenderThread:14172 [sender.py:send():234] send: metric
2022-01-08 14:06:04,719 DEBUG   SenderThread:14172 [sender.py:send():234] send: metric
2022-01-08 14:06:04,719 WARNING SenderThread:14172 [sender.py:send_metric():897] Seen metric with glob (shouldnt happen)
2022-01-08 14:06:04,719 DEBUG   SenderThread:14172 [sender.py:send():234] send: history
2022-01-08 14:06:04,719 DEBUG   SenderThread:14172 [sender.py:send():234] send: summary
2022-01-08 14:06:04,719 INFO    SenderThread:14172 [sender.py:_save_file():939] saving file wandb-summary.json with policy end
2022-01-08 14:06:04,719 DEBUG   SenderThread:14172 [sender.py:send():234] send: metric
2022-01-08 14:06:04,719 DEBUG   SenderThread:14172 [sender.py:send():234] send: metric
2022-01-08 14:06:04,719 WARNING SenderThread:14172 [sender.py:send_metric():897] Seen metric with glob (shouldnt happen)
2022-01-08 14:06:04,719 DEBUG   SenderThread:14172 [sender.py:send():234] send: history
2022-01-08 14:06:04,719 DEBUG   SenderThread:14172 [sender.py:send():234] send: summary
2022-01-08 14:06:04,720 INFO    SenderThread:14172 [sender.py:_save_file():939] saving file wandb-summary.json with policy end
2022-01-08 14:06:04,720 DEBUG   SenderThread:14172 [sender.py:send():234] send: metric
2022-01-08 14:06:04,720 DEBUG   SenderThread:14172 [sender.py:send():234] send: metric
2022-01-08 14:06:04,720 WARNING SenderThread:14172 [sender.py:send_metric():897] Seen metric with glob (shouldnt happen)
2022-01-08 14:06:04,720 DEBUG   SenderThread:14172 [sender.py:send():234] send: history
2022-01-08 14:06:04,720 DEBUG   SenderThread:14172 [sender.py:send():234] send: summary
2022-01-08 14:06:04,720 INFO    SenderThread:14172 [sender.py:_save_file():939] saving file wandb-summary.json with policy end
2022-01-08 14:06:04,720 DEBUG   SenderThread:14172 [sender.py:send():234] send: metric
2022-01-08 14:06:04,720 DEBUG   SenderThread:14172 [sender.py:send():234] send: metric
2022-01-08 14:06:04,720 WARNING SenderThread:14172 [sender.py:send_metric():897] Seen metric with glob (shouldnt happen)
2022-01-08 14:06:04,720 DEBUG   SenderThread:14172 [sender.py:send():234] send: history
2022-01-08 14:06:04,720 DEBUG   SenderThread:14172 [sender.py:send():234] send: summary
2022-01-08 14:06:04,720 INFO    SenderThread:14172 [sender.py:_save_file():939] saving file wandb-summary.json with policy end
2022-01-08 14:06:04,720 DEBUG   SenderThread:14172 [sender.py:send():234] send: metric
2022-01-08 14:06:04,720 DEBUG   SenderThread:14172 [sender.py:send():234] send: metric
2022-01-08 14:06:04,720 WARNING SenderThread:14172 [sender.py:send_metric():897] Seen metric with glob (shouldnt happen)
2022-01-08 14:06:04,721 DEBUG   SenderThread:14172 [sender.py:send():234] send: history
2022-01-08 14:06:04,721 DEBUG   SenderThread:14172 [sender.py:send():234] send: summary
2022-01-08 14:06:04,721 INFO    SenderThread:14172 [sender.py:_save_file():939] saving file wandb-summary.json with policy end
2022-01-08 14:06:04,721 DEBUG   SenderThread:14172 [sender.py:send():234] send: metric
2022-01-08 14:06:04,721 DEBUG   SenderThread:14172 [sender.py:send():234] send: metric
2022-01-08 14:06:04,721 WARNING SenderThread:14172 [sender.py:send_metric():897] Seen metric with glob (shouldnt happen)
2022-01-08 14:06:04,721 DEBUG   SenderThread:14172 [sender.py:send():234] send: history
2022-01-08 14:06:04,721 DEBUG   SenderThread:14172 [sender.py:send():234] send: summary
2022-01-08 14:06:04,721 INFO    SenderThread:14172 [sender.py:_save_file():939] saving file wandb-summary.json with policy end
2022-01-08 14:06:04,721 DEBUG   SenderThread:14172 [sender.py:send():234] send: metric
2022-01-08 14:06:04,721 DEBUG   SenderThread:14172 [sender.py:send():234] send: metric
2022-01-08 14:06:04,721 WARNING SenderThread:14172 [sender.py:send_metric():897] Seen metric with glob (shouldnt happen)
2022-01-08 14:06:04,721 DEBUG   SenderThread:14172 [sender.py:send():234] send: history
2022-01-08 14:06:04,721 DEBUG   SenderThread:14172 [sender.py:send():234] send: summary
2022-01-08 14:06:04,721 INFO    SenderThread:14172 [sender.py:_save_file():939] saving file wandb-summary.json with policy end
2022-01-08 14:06:04,721 DEBUG   SenderThread:14172 [sender.py:send():234] send: metric
2022-01-08 14:06:04,721 DEBUG   SenderThread:14172 [sender.py:send():234] send: metric
2022-01-08 14:06:04,721 WARNING SenderThread:14172 [sender.py:send_metric():897] Seen metric with glob (shouldnt happen)
2022-01-08 14:06:04,721 DEBUG   SenderThread:14172 [sender.py:send():234] send: history
2022-01-08 14:06:04,721 DEBUG   SenderThread:14172 [sender.py:send():234] send: summary
2022-01-08 14:06:04,722 INFO    SenderThread:14172 [sender.py:_save_file():939] saving file wandb-summary.json with policy end
2022-01-08 14:06:04,722 DEBUG   SenderThread:14172 [sender.py:send():234] send: metric
2022-01-08 14:06:04,722 DEBUG   SenderThread:14172 [sender.py:send():234] send: metric
2022-01-08 14:06:04,722 WARNING SenderThread:14172 [sender.py:send_metric():897] Seen metric with glob (shouldnt happen)
2022-01-08 14:06:04,722 DEBUG   SenderThread:14172 [sender.py:send():234] send: history
2022-01-08 14:06:04,722 DEBUG   SenderThread:14172 [sender.py:send():234] send: summary
2022-01-08 14:06:04,722 INFO    SenderThread:14172 [sender.py:_save_file():939] saving file wandb-summary.json with policy end
2022-01-08 14:06:04,722 DEBUG   SenderThread:14172 [sender.py:send():234] send: metric
2022-01-08 14:06:04,722 DEBUG   SenderThread:14172 [sender.py:send():234] send: metric
2022-01-08 14:06:04,722 WARNING SenderThread:14172 [sender.py:send_metric():897] Seen metric with glob (shouldnt happen)
2022-01-08 14:06:04,722 DEBUG   SenderThread:14172 [sender.py:send():234] send: history
2022-01-08 14:06:04,722 DEBUG   SenderThread:14172 [sender.py:send():234] send: summary
2022-01-08 14:06:04,722 INFO    SenderThread:14172 [sender.py:_save_file():939] saving file wandb-summary.json with policy end
2022-01-08 14:06:04,722 DEBUG   SenderThread:14172 [sender.py:send_request():248] send_request: stop_status
2022-01-08 14:06:05,149 DEBUG   HandlerThread:14172 [handler.py:handle_request():130] handle_request: poll_exit
2022-01-08 14:06:05,356 INFO    Thread-8  :14172 [dir_watcher.py:_on_file_modified():230] file/dir modified: /Users/fevenz/Sriram/Projects/chess-scanner/wandb/run-20220108_140324-3uui4e1h/files/wandb-summary.json
2022-01-08 14:06:06,475 DEBUG   SenderThread:14172 [sender.py:send():234] send: metric
2022-01-08 14:06:06,476 DEBUG   SenderThread:14172 [sender.py:send():234] send: metric
2022-01-08 14:06:06,476 WARNING SenderThread:14172 [sender.py:send_metric():897] Seen metric with glob (shouldnt happen)
2022-01-08 14:06:06,476 DEBUG   SenderThread:14172 [sender.py:send():234] send: history
2022-01-08 14:06:06,476 DEBUG   SenderThread:14172 [sender.py:send():234] send: summary
2022-01-08 14:06:06,477 INFO    SenderThread:14172 [sender.py:_save_file():939] saving file wandb-summary.json with policy end
2022-01-08 14:06:06,477 DEBUG   SenderThread:14172 [sender.py:send():234] send: metric
2022-01-08 14:06:06,477 DEBUG   SenderThread:14172 [sender.py:send():234] send: metric
2022-01-08 14:06:06,477 WARNING SenderThread:14172 [sender.py:send_metric():897] Seen metric with glob (shouldnt happen)
2022-01-08 14:06:06,477 DEBUG   SenderThread:14172 [sender.py:send():234] send: history
2022-01-08 14:06:06,477 DEBUG   SenderThread:14172 [sender.py:send():234] send: summary
2022-01-08 14:06:06,478 INFO    SenderThread:14172 [sender.py:_save_file():939] saving file wandb-summary.json with policy end
2022-01-08 14:06:06,478 DEBUG   SenderThread:14172 [sender.py:send():234] send: metric
2022-01-08 14:06:06,478 DEBUG   SenderThread:14172 [sender.py:send():234] send: metric
2022-01-08 14:06:06,478 WARNING SenderThread:14172 [sender.py:send_metric():897] Seen metric with glob (shouldnt happen)
2022-01-08 14:06:06,478 DEBUG   SenderThread:14172 [sender.py:send():234] send: history
2022-01-08 14:06:06,478 DEBUG   SenderThread:14172 [sender.py:send():234] send: summary
2022-01-08 14:06:06,478 INFO    SenderThread:14172 [sender.py:_save_file():939] saving file wandb-summary.json with policy end
2022-01-08 14:06:06,478 DEBUG   SenderThread:14172 [sender.py:send():234] send: metric
2022-01-08 14:06:06,478 DEBUG   SenderThread:14172 [sender.py:send():234] send: metric
2022-01-08 14:06:06,478 WARNING SenderThread:14172 [sender.py:send_metric():897] Seen metric with glob (shouldnt happen)
2022-01-08 14:06:06,478 DEBUG   SenderThread:14172 [sender.py:send():234] send: history
2022-01-08 14:06:06,478 DEBUG   SenderThread:14172 [sender.py:send():234] send: summary
2022-01-08 14:06:06,479 INFO    SenderThread:14172 [sender.py:_save_file():939] saving file wandb-summary.json with policy end
2022-01-08 14:06:06,479 DEBUG   SenderThread:14172 [sender.py:send():234] send: metric
2022-01-08 14:06:06,479 DEBUG   SenderThread:14172 [sender.py:send():234] send: metric
2022-01-08 14:06:06,479 WARNING SenderThread:14172 [sender.py:send_metric():897] Seen metric with glob (shouldnt happen)
2022-01-08 14:06:06,479 DEBUG   SenderThread:14172 [sender.py:send():234] send: history
2022-01-08 14:06:06,479 DEBUG   SenderThread:14172 [sender.py:send():234] send: summary
2022-01-08 14:06:06,479 INFO    SenderThread:14172 [sender.py:_save_file():939] saving file wandb-summary.json with policy end
2022-01-08 14:06:06,479 DEBUG   SenderThread:14172 [sender.py:send():234] send: telemetry
2022-01-08 14:06:06,479 DEBUG   SenderThread:14172 [sender.py:send():234] send: exit
2022-01-08 14:06:06,479 INFO    SenderThread:14172 [sender.py:send_exit():366] handling exit code: 0
2022-01-08 14:06:06,480 INFO    SenderThread:14172 [sender.py:send_exit():368] handling runtime: 62
2022-01-08 14:06:06,480 INFO    SenderThread:14172 [sender.py:_save_file():939] saving file wandb-summary.json with policy end
2022-01-08 14:06:06,480 INFO    SenderThread:14172 [sender.py:send_exit():374] send defer
2022-01-08 14:06:06,480 DEBUG   SenderThread:14172 [sender.py:send_request():248] send_request: poll_exit
2022-01-08 14:06:06,480 DEBUG   SenderThread:14172 [sender.py:send_request():248] send_request: poll_exit
2022-01-08 14:06:06,480 DEBUG   HandlerThread:14172 [handler.py:handle_request():130] handle_request: defer
2022-01-08 14:06:06,481 DEBUG   SenderThread:14172 [sender.py:send_request():248] send_request: poll_exit
2022-01-08 14:06:06,481 INFO    HandlerThread:14172 [handler.py:handle_request_defer():147] handle defer: 0
2022-01-08 14:06:06,481 DEBUG   SenderThread:14172 [sender.py:send():234] send: stats
2022-01-08 14:06:06,481 DEBUG   SenderThread:14172 [sender.py:send_request():248] send_request: poll_exit
2022-01-08 14:06:06,481 DEBUG   SenderThread:14172 [sender.py:send_request():248] send_request: poll_exit
2022-01-08 14:06:06,481 DEBUG   SenderThread:14172 [sender.py:send_request():248] send_request: poll_exit
2022-01-08 14:06:06,481 DEBUG   SenderThread:14172 [sender.py:send_request():248] send_request: poll_exit
2022-01-08 14:06:06,482 DEBUG   SenderThread:14172 [sender.py:send_request():248] send_request: poll_exit
2022-01-08 14:06:06,482 DEBUG   SenderThread:14172 [sender.py:send_request():248] send_request: poll_exit
2022-01-08 14:06:06,482 DEBUG   SenderThread:14172 [sender.py:send_request():248] send_request: poll_exit
2022-01-08 14:06:06,482 DEBUG   SenderThread:14172 [sender.py:send():234] send: stats
2022-01-08 14:06:06,482 DEBUG   SenderThread:14172 [sender.py:send_request():248] send_request: poll_exit
2022-01-08 14:06:06,482 DEBUG   SenderThread:14172 [sender.py:send_request():248] send_request: poll_exit
2022-01-08 14:06:06,482 DEBUG   SenderThread:14172 [sender.py:send_request():248] send_request: poll_exit
2022-01-08 14:06:06,482 DEBUG   SenderThread:14172 [sender.py:send_request():248] send_request: poll_exit
2022-01-08 14:06:06,482 DEBUG   SenderThread:14172 [sender.py:send_request():248] send_request: poll_exit
2022-01-08 14:06:06,483 DEBUG   SenderThread:14172 [sender.py:send_request():248] send_request: poll_exit
2022-01-08 14:06:06,483 DEBUG   SenderThread:14172 [sender.py:send_request():248] send_request: poll_exit
2022-01-08 14:06:06,483 DEBUG   SenderThread:14172 [sender.py:send():234] send: stats
2022-01-08 14:06:06,483 DEBUG   SenderThread:14172 [sender.py:send_request():248] send_request: poll_exit
2022-01-08 14:06:06,483 DEBUG   SenderThread:14172 [sender.py:send_request():248] send_request: poll_exit
2022-01-08 14:06:06,483 DEBUG   SenderThread:14172 [sender.py:send_request():248] send_request: poll_exit
2022-01-08 14:06:06,483 DEBUG   SenderThread:14172 [sender.py:send_request():248] send_request: defer
2022-01-08 14:06:06,483 INFO    SenderThread:14172 [sender.py:send_request_defer():383] handle sender defer: 0
2022-01-08 14:06:06,484 INFO    SenderThread:14172 [sender.py:transition_state():387] send defer: 1
2022-01-08 14:06:06,484 DEBUG   HandlerThread:14172 [handler.py:handle_request():130] handle_request: defer
2022-01-08 14:06:06,484 INFO    HandlerThread:14172 [handler.py:handle_request_defer():147] handle defer: 1
2022-01-08 14:06:07,204 DEBUG   HandlerThread:14172 [handler.py:handle_request():130] handle_request: poll_exit
2022-01-08 14:06:07,204 DEBUG   SenderThread:14172 [sender.py:send_request():248] send_request: defer
2022-01-08 14:06:07,204 INFO    SenderThread:14172 [sender.py:send_request_defer():383] handle sender defer: 1
2022-01-08 14:06:07,204 INFO    SenderThread:14172 [sender.py:transition_state():387] send defer: 2
2022-01-08 14:06:07,204 DEBUG   SenderThread:14172 [sender.py:send_request():248] send_request: poll_exit
2022-01-08 14:06:07,204 DEBUG   SenderThread:14172 [sender.py:send():234] send: stats
2022-01-08 14:06:07,205 DEBUG   HandlerThread:14172 [handler.py:handle_request():130] handle_request: defer
2022-01-08 14:06:07,205 INFO    HandlerThread:14172 [handler.py:handle_request_defer():147] handle defer: 2
2022-01-08 14:06:07,205 DEBUG   SenderThread:14172 [sender.py:send_request():248] send_request: defer
2022-01-08 14:06:07,205 INFO    SenderThread:14172 [sender.py:send_request_defer():383] handle sender defer: 2
2022-01-08 14:06:07,205 INFO    SenderThread:14172 [sender.py:transition_state():387] send defer: 3
2022-01-08 14:06:07,205 DEBUG   HandlerThread:14172 [handler.py:handle_request():130] handle_request: defer
2022-01-08 14:06:07,205 INFO    HandlerThread:14172 [handler.py:handle_request_defer():147] handle defer: 3
2022-01-08 14:06:07,205 DEBUG   SenderThread:14172 [sender.py:send():234] send: summary
2022-01-08 14:06:07,205 INFO    SenderThread:14172 [sender.py:_save_file():939] saving file wandb-summary.json with policy end
2022-01-08 14:06:07,206 DEBUG   SenderThread:14172 [sender.py:send_request():248] send_request: defer
2022-01-08 14:06:07,206 INFO    SenderThread:14172 [sender.py:send_request_defer():383] handle sender defer: 3
2022-01-08 14:06:07,206 INFO    SenderThread:14172 [sender.py:transition_state():387] send defer: 4
2022-01-08 14:06:07,206 DEBUG   HandlerThread:14172 [handler.py:handle_request():130] handle_request: defer
2022-01-08 14:06:07,206 INFO    HandlerThread:14172 [handler.py:handle_request_defer():147] handle defer: 4
2022-01-08 14:06:07,206 DEBUG   SenderThread:14172 [sender.py:send_request():248] send_request: defer
2022-01-08 14:06:07,206 INFO    SenderThread:14172 [sender.py:send_request_defer():383] handle sender defer: 4
2022-01-08 14:06:07,310 DEBUG   HandlerThread:14172 [handler.py:handle_request():130] handle_request: poll_exit
2022-01-08 14:06:07,367 INFO    Thread-8  :14172 [dir_watcher.py:_on_file_modified():230] file/dir modified: /Users/fevenz/Sriram/Projects/chess-scanner/wandb/run-20220108_140324-3uui4e1h/files/wandb-summary.json
2022-01-08 14:06:07,768 INFO    SenderThread:14172 [sender.py:transition_state():387] send defer: 5
2022-01-08 14:06:07,768 DEBUG   SenderThread:14172 [sender.py:send_request():248] send_request: poll_exit
2022-01-08 14:06:07,769 DEBUG   HandlerThread:14172 [handler.py:handle_request():130] handle_request: defer
2022-01-08 14:06:07,769 INFO    HandlerThread:14172 [handler.py:handle_request_defer():147] handle defer: 5
2022-01-08 14:06:07,769 DEBUG   SenderThread:14172 [sender.py:send_request():248] send_request: defer
2022-01-08 14:06:07,769 INFO    SenderThread:14172 [sender.py:send_request_defer():383] handle sender defer: 5
2022-01-08 14:06:07,769 INFO    SenderThread:14172 [dir_watcher.py:finish():283] shutting down directory watcher
2022-01-08 14:06:07,876 DEBUG   HandlerThread:14172 [handler.py:handle_request():130] handle_request: poll_exit
2022-01-08 14:06:08,375 INFO    SenderThread:14172 [dir_watcher.py:_on_file_modified():230] file/dir modified: /Users/fevenz/Sriram/Projects/chess-scanner/wandb/run-20220108_140324-3uui4e1h/files/config.yaml
2022-01-08 14:06:08,375 INFO    SenderThread:14172 [dir_watcher.py:finish():313] scan: /Users/fevenz/Sriram/Projects/chess-scanner/wandb/run-20220108_140324-3uui4e1h/files
2022-01-08 14:06:08,376 INFO    SenderThread:14172 [dir_watcher.py:finish():327] scan save: /Users/fevenz/Sriram/Projects/chess-scanner/wandb/run-20220108_140324-3uui4e1h/files/requirements.txt requirements.txt
2022-01-08 14:06:08,376 INFO    SenderThread:14172 [dir_watcher.py:finish():327] scan save: /Users/fevenz/Sriram/Projects/chess-scanner/wandb/run-20220108_140324-3uui4e1h/files/output.log output.log
2022-01-08 14:06:08,382 INFO    SenderThread:14172 [dir_watcher.py:finish():327] scan save: /Users/fevenz/Sriram/Projects/chess-scanner/wandb/run-20220108_140324-3uui4e1h/files/config.yaml config.yaml
2022-01-08 14:06:08,386 INFO    SenderThread:14172 [dir_watcher.py:finish():327] scan save: /Users/fevenz/Sriram/Projects/chess-scanner/wandb/run-20220108_140324-3uui4e1h/files/wandb-summary.json wandb-summary.json
2022-01-08 14:06:08,388 INFO    SenderThread:14172 [dir_watcher.py:finish():327] scan save: /Users/fevenz/Sriram/Projects/chess-scanner/wandb/run-20220108_140324-3uui4e1h/files/conda-environment.yaml conda-environment.yaml
2022-01-08 14:06:08,394 INFO    SenderThread:14172 [dir_watcher.py:finish():327] scan save: /Users/fevenz/Sriram/Projects/chess-scanner/wandb/run-20220108_140324-3uui4e1h/files/wandb-metadata.json wandb-metadata.json
2022-01-08 14:06:08,395 INFO    SenderThread:14172 [sender.py:transition_state():387] send defer: 6
2022-01-08 14:06:08,395 DEBUG   SenderThread:14172 [sender.py:send_request():248] send_request: poll_exit
2022-01-08 14:06:08,396 DEBUG   HandlerThread:14172 [handler.py:handle_request():130] handle_request: defer
2022-01-08 14:06:08,396 INFO    HandlerThread:14172 [handler.py:handle_request_defer():147] handle defer: 6
2022-01-08 14:06:08,396 DEBUG   SenderThread:14172 [sender.py:send_request():248] send_request: defer
2022-01-08 14:06:08,397 INFO    SenderThread:14172 [sender.py:send_request_defer():383] handle sender defer: 6
2022-01-08 14:06:08,397 INFO    SenderThread:14172 [file_pusher.py:finish():177] shutting down file pusher
2022-01-08 14:06:08,501 DEBUG   HandlerThread:14172 [handler.py:handle_request():130] handle_request: poll_exit
2022-01-08 14:06:08,501 DEBUG   SenderThread:14172 [sender.py:send_request():248] send_request: poll_exit
2022-01-08 14:06:08,609 DEBUG   HandlerThread:14172 [handler.py:handle_request():130] handle_request: poll_exit
2022-01-08 14:06:08,610 DEBUG   SenderThread:14172 [sender.py:send_request():248] send_request: poll_exit
2022-01-08 14:06:08,718 DEBUG   HandlerThread:14172 [handler.py:handle_request():130] handle_request: poll_exit
2022-01-08 14:06:08,719 DEBUG   SenderThread:14172 [sender.py:send_request():248] send_request: poll_exit
2022-01-08 14:06:08,823 DEBUG   HandlerThread:14172 [handler.py:handle_request():130] handle_request: poll_exit
2022-01-08 14:06:08,824 DEBUG   SenderThread:14172 [sender.py:send_request():248] send_request: poll_exit
2022-01-08 14:06:08,932 DEBUG   HandlerThread:14172 [handler.py:handle_request():130] handle_request: poll_exit
2022-01-08 14:06:08,932 DEBUG   SenderThread:14172 [sender.py:send_request():248] send_request: poll_exit
2022-01-08 14:06:09,039 DEBUG   HandlerThread:14172 [handler.py:handle_request():130] handle_request: poll_exit
2022-01-08 14:06:09,040 DEBUG   SenderThread:14172 [sender.py:send_request():248] send_request: poll_exit
2022-01-08 14:06:09,147 DEBUG   HandlerThread:14172 [handler.py:handle_request():130] handle_request: poll_exit
2022-01-08 14:06:09,148 DEBUG   SenderThread:14172 [sender.py:send_request():248] send_request: poll_exit
2022-01-08 14:06:09,256 DEBUG   HandlerThread:14172 [handler.py:handle_request():130] handle_request: poll_exit
2022-01-08 14:06:09,256 DEBUG   SenderThread:14172 [sender.py:send_request():248] send_request: poll_exit
2022-01-08 14:06:09,367 DEBUG   HandlerThread:14172 [handler.py:handle_request():130] handle_request: poll_exit
2022-01-08 14:06:09,367 DEBUG   SenderThread:14172 [sender.py:send_request():248] send_request: poll_exit
2022-01-08 14:06:09,425 INFO    Thread-12 :14172 [upload_job.py:push():137] Uploaded file /Users/fevenz/Sriram/Projects/chess-scanner/wandb/run-20220108_140324-3uui4e1h/files/requirements.txt
2022-01-08 14:06:09,471 DEBUG   HandlerThread:14172 [handler.py:handle_request():130] handle_request: poll_exit
2022-01-08 14:06:09,472 DEBUG   SenderThread:14172 [sender.py:send_request():248] send_request: poll_exit
2022-01-08 14:06:09,576 DEBUG   HandlerThread:14172 [handler.py:handle_request():130] handle_request: poll_exit
2022-01-08 14:06:09,577 DEBUG   SenderThread:14172 [sender.py:send_request():248] send_request: poll_exit
2022-01-08 14:06:09,680 DEBUG   HandlerThread:14172 [handler.py:handle_request():130] handle_request: poll_exit
2022-01-08 14:06:09,680 DEBUG   SenderThread:14172 [sender.py:send_request():248] send_request: poll_exit
2022-01-08 14:06:09,780 INFO    Thread-16 :14172 [upload_job.py:push():137] Uploaded file /Users/fevenz/Sriram/Projects/chess-scanner/wandb/run-20220108_140324-3uui4e1h/files/conda-environment.yaml
2022-01-08 14:06:09,782 INFO    Thread-13 :14172 [upload_job.py:push():137] Uploaded file /Users/fevenz/Sriram/Projects/chess-scanner/wandb/run-20220108_140324-3uui4e1h/files/output.log
2022-01-08 14:06:09,787 DEBUG   HandlerThread:14172 [handler.py:handle_request():130] handle_request: poll_exit
2022-01-08 14:06:09,788 DEBUG   SenderThread:14172 [sender.py:send_request():248] send_request: poll_exit
2022-01-08 14:06:09,813 INFO    Thread-14 :14172 [upload_job.py:push():137] Uploaded file /Users/fevenz/Sriram/Projects/chess-scanner/wandb/run-20220108_140324-3uui4e1h/files/config.yaml
2022-01-08 14:06:09,820 INFO    Thread-15 :14172 [upload_job.py:push():137] Uploaded file /Users/fevenz/Sriram/Projects/chess-scanner/wandb/run-20220108_140324-3uui4e1h/files/wandb-summary.json
2022-01-08 14:06:09,895 DEBUG   HandlerThread:14172 [handler.py:handle_request():130] handle_request: poll_exit
2022-01-08 14:06:09,895 DEBUG   SenderThread:14172 [sender.py:send_request():248] send_request: poll_exit
2022-01-08 14:06:10,002 DEBUG   HandlerThread:14172 [handler.py:handle_request():130] handle_request: poll_exit
2022-01-08 14:06:10,002 DEBUG   SenderThread:14172 [sender.py:send_request():248] send_request: poll_exit
2022-01-08 14:06:10,026 INFO    Thread-7  :14172 [sender.py:transition_state():387] send defer: 7
2022-01-08 14:06:10,027 DEBUG   HandlerThread:14172 [handler.py:handle_request():130] handle_request: defer
2022-01-08 14:06:10,027 INFO    HandlerThread:14172 [handler.py:handle_request_defer():147] handle defer: 7
2022-01-08 14:06:10,027 DEBUG   SenderThread:14172 [sender.py:send_request():248] send_request: defer
2022-01-08 14:06:10,027 INFO    SenderThread:14172 [sender.py:send_request_defer():383] handle sender defer: 7
2022-01-08 14:06:10,111 DEBUG   HandlerThread:14172 [handler.py:handle_request():130] handle_request: poll_exit
2022-01-08 14:06:11,163 INFO    SenderThread:14172 [sender.py:transition_state():387] send defer: 8
2022-01-08 14:06:11,164 DEBUG   SenderThread:14172 [sender.py:send_request():248] send_request: poll_exit
2022-01-08 14:06:11,164 DEBUG   HandlerThread:14172 [handler.py:handle_request():130] handle_request: defer
2022-01-08 14:06:11,164 INFO    HandlerThread:14172 [handler.py:handle_request_defer():147] handle defer: 8
2022-01-08 14:06:11,164 DEBUG   SenderThread:14172 [sender.py:send_request():248] send_request: defer
2022-01-08 14:06:11,165 INFO    SenderThread:14172 [sender.py:send_request_defer():383] handle sender defer: 8
2022-01-08 14:06:11,165 INFO    SenderThread:14172 [sender.py:transition_state():387] send defer: 9
2022-01-08 14:06:11,165 DEBUG   SenderThread:14172 [sender.py:send():234] send: final
2022-01-08 14:06:11,165 DEBUG   HandlerThread:14172 [handler.py:handle_request():130] handle_request: defer
2022-01-08 14:06:11,165 INFO    HandlerThread:14172 [handler.py:handle_request_defer():147] handle defer: 9
2022-01-08 14:06:11,165 DEBUG   SenderThread:14172 [sender.py:send():234] send: footer
2022-01-08 14:06:11,166 DEBUG   SenderThread:14172 [sender.py:send_request():248] send_request: defer
2022-01-08 14:06:11,166 INFO    SenderThread:14172 [sender.py:send_request_defer():383] handle sender defer: 9
2022-01-08 14:06:11,271 DEBUG   HandlerThread:14172 [handler.py:handle_request():130] handle_request: poll_exit
2022-01-08 14:06:11,272 DEBUG   SenderThread:14172 [sender.py:send_request():248] send_request: poll_exit
2022-01-08 14:06:11,272 INFO    SenderThread:14172 [file_pusher.py:join():182] waiting for file pusher
2022-01-08 14:06:12,172 DEBUG   HandlerThread:14172 [handler.py:handle_request():130] handle_request: get_summary
2022-01-08 14:06:12,173 DEBUG   HandlerThread:14172 [handler.py:handle_request():130] handle_request: sampled_history
2022-01-08 14:06:12,174 DEBUG   HandlerThread:14172 [handler.py:handle_request():130] handle_request: shutdown
2022-01-08 14:06:12,174 INFO    HandlerThread:14172 [handler.py:finish():731] shutting down handler
2022-01-08 14:06:13,173 INFO    WriterThread:14172 [datastore.py:close():281] close: /Users/fevenz/Sriram/Projects/chess-scanner/wandb/run-20220108_140324-3uui4e1h/run-3uui4e1h.wandb
2022-01-08 14:06:13,174 INFO    SenderThread:14172 [sender.py:finish():1070] shutting down sender
2022-01-08 14:06:13,174 INFO    SenderThread:14172 [file_pusher.py:finish():177] shutting down file pusher
2022-01-08 14:06:13,174 INFO    SenderThread:14172 [file_pusher.py:join():182] waiting for file pusher
2022-01-08 14:06:13,179 INFO    MainThread:14172 [internal.py:handle_exit():77] Internal process exited
